<?xml version="1.0" encoding="UTF-8"?>
<!-- Generated by org.testng.reporters.JUnitReportReporter -->
<testsuite hostname="FVFHXH34Q6LR" failures="0" tests="3" name="mav2.Mprac" time="0.032" errors="0" timestamp="2023-05-02T15:56:00 IST" skipped="0">
  <testcase classname="mav2.Mprac" name="GetURL" time="0.005"/>
  <system-out/>
  <testcase classname="mav2.Mprac" name="getWindowHandle" time="0.003"/>
  <system-out/>
  <testcase classname="mav2.Mprac" name="GetTitle" time="0.024"/>
  <system-out/>
</testsuite> <!-- mav2.Mprac -->
